<?xml version="1.0" encoding="UTF-8"?>
<testsuite name="TestDataClasses" tests="2" skipped="0" failures="0" errors="0" timestamp="2025-10-09T19:47:46.070Z" hostname="LPC" time="0.017">
  <properties/>
  <testcase name="testComparePeople" classname="TestDataClasses" time="0.003"/>
  <testcase name="testListOfPeople" classname="TestDataClasses" time="0.013"/>
  <system-out><![CDATA[]]></system-out>
  <system-err><![CDATA[]]></system-err>
</testsuite>
